d:\visual studio 2015\projects\vevade\evade\evade\release\vc140.pdb
d:\visual studio 2015\projects\vevade\evade\evade\release\malzahar.obj
d:\visual studio 2015\projects\vevade\evade\evade\release\lux.obj
d:\visual studio 2015\projects\vevade\evade\evade\release\lulu.obj
d:\visual studio 2015\projects\vevade\evade\evade\release\lucian.obj
d:\visual studio 2015\projects\vevade\evade\evade\release\karma.obj
d:\visual studio 2015\projects\vevade\evade\evade\release\jarvaniv.obj
d:\visual studio 2015\projects\vevade\evade\evade\release\galio.obj
d:\visual studio 2015\projects\vevade\evade\evade\release\fizz.obj
d:\visual studio 2015\projects\vevade\evade\evade\release\evadespelldb.obj
d:\visual studio 2015\projects\vevade\evade\evade\release\evadelogic.obj
d:\visual studio 2015\projects\vevade\evade\evade\release\evade.obj
d:\visual studio 2015\projects\vevade\evade\evade\release\ekko.obj
d:\visual studio 2015\projects\vevade\evade\evade\release\draven.obj
d:\visual studio 2015\projects\vevade\evade\evade\release\diana.obj
d:\visual studio 2015\projects\vevade\evade\evade\release\configs.obj
d:\visual studio 2015\projects\vevade\evade\evade\release\clipper.obj
d:\visual studio 2015\projects\vevade\evade\evade\release\bard.obj
d:\visual studio 2015\projects\vevade\evade\evade\release\azir.obj
d:\visual studio 2015\projects\vevade\evade\evade\release\allchampions.obj
d:\visual studio 2015\projects\vevade\evade\evade\release\aatrox.obj
d:\visual studio 2015\projects\vevade\evade\evade\release\zed.obj
d:\visual studio 2015\projects\vevade\evade\evade\release\zac.obj
d:\visual studio 2015\projects\vevade\evade\evade\release\yorick.obj
d:\visual studio 2015\projects\vevade\evade\evade\release\yasuo.obj
d:\visual studio 2015\projects\vevade\evade\evade\release\viktor.obj
d:\visual studio 2015\projects\vevade\evade\evade\release\vector3.obj
d:\visual studio 2015\projects\vevade\evade\evade\release\taric.obj
d:\visual studio 2015\projects\vevade\evade\evade\release\syndra.obj
d:\visual studio 2015\projects\vevade\evade\evade\release\spellinstance.obj
d:\visual studio 2015\projects\vevade\evade\evade\release\spelldetector.obj
d:\visual studio 2015\projects\vevade\evade\evade\release\spelldb.obj
d:\visual studio 2015\projects\vevade\evade\evade\release\sion.obj
d:\visual studio 2015\projects\vevade\evade\evade\release\riven.obj
d:\visual studio 2015\projects\vevade\evade\evade\release\reksai.obj
d:\visual studio 2015\projects\vevade\evade\evade\release\poppy.obj
d:\visual studio 2015\projects\vevade\evade\evade\release\pluginsdk.obj
d:\visual studio 2015\projects\vevade\evade\evade\release\pathfinding.obj
d:\visual studio 2015\projects\vevade\evade\evade\release\orianna.obj
d:\visual studio 2015\projects\vevade\evade\evade\release\onload.obj
d:\visual studio 2015\projects\vevade\evade\evade\release\managers.obj
d:\visual studio 2015\projects\vevade\evade\evade\release\zilean.obj
d:\visual studio 2015\projects\vevade\evade\release\evade.lib
d:\visual studio 2015\projects\vevade\evade\release\evade.exp
d:\visual studio 2015\projects\vevade\evade\release\evade.dll
d:\visual studio 2015\projects\vevade\evade\release\evade.ipdb
d:\visual studio 2015\projects\vevade\evade\release\evade.iobj
d:\visual studio 2015\projects\rytak-evade\evade\evade\release\aatrox.obj
d:\visual studio 2015\projects\rytak-evade\evade\evade\release\allchampions.obj
d:\visual studio 2015\projects\rytak-evade\evade\evade\release\azir.obj
d:\visual studio 2015\projects\rytak-evade\evade\evade\release\bard.obj
d:\visual studio 2015\projects\rytak-evade\evade\evade\release\clipper.obj
d:\visual studio 2015\projects\rytak-evade\evade\evade\release\configs.obj
d:\visual studio 2015\projects\rytak-evade\evade\evade\release\diana.obj
d:\visual studio 2015\projects\rytak-evade\evade\evade\release\draven.obj
d:\visual studio 2015\projects\rytak-evade\evade\evade\release\ekko.obj
d:\visual studio 2015\projects\rytak-evade\evade\evade\release\evade.obj
d:\visual studio 2015\projects\rytak-evade\evade\evade\release\evadelogic.obj
d:\visual studio 2015\projects\rytak-evade\evade\evade\release\evadespelldb.obj
d:\visual studio 2015\projects\rytak-evade\evade\evade\release\fizz.obj
d:\visual studio 2015\projects\rytak-evade\evade\evade\release\galio.obj
d:\visual studio 2015\projects\rytak-evade\evade\evade\release\jarvaniv.obj
d:\visual studio 2015\projects\rytak-evade\evade\evade\release\karma.obj
d:\visual studio 2015\projects\rytak-evade\evade\evade\release\lucian.obj
d:\visual studio 2015\projects\rytak-evade\evade\evade\release\lulu.obj
d:\visual studio 2015\projects\rytak-evade\evade\evade\release\lux.obj
d:\visual studio 2015\projects\rytak-evade\evade\evade\release\malzahar.obj
d:\visual studio 2015\projects\rytak-evade\evade\evade\release\managers.obj
d:\visual studio 2015\projects\rytak-evade\evade\evade\release\onload.obj
d:\visual studio 2015\projects\rytak-evade\evade\evade\release\orianna.obj
d:\visual studio 2015\projects\rytak-evade\evade\evade\release\pathfinding.obj
d:\visual studio 2015\projects\rytak-evade\evade\evade\release\pluginsdk.obj
d:\visual studio 2015\projects\rytak-evade\evade\evade\release\poppy.obj
d:\visual studio 2015\projects\rytak-evade\evade\evade\release\reksai.obj
d:\visual studio 2015\projects\rytak-evade\evade\evade\release\riven.obj
d:\visual studio 2015\projects\rytak-evade\evade\evade\release\sion.obj
d:\visual studio 2015\projects\rytak-evade\evade\evade\release\spelldb.obj
d:\visual studio 2015\projects\rytak-evade\evade\evade\release\spelldetector.obj
d:\visual studio 2015\projects\rytak-evade\evade\evade\release\spellinstance.obj
d:\visual studio 2015\projects\rytak-evade\evade\evade\release\syndra.obj
d:\visual studio 2015\projects\rytak-evade\evade\evade\release\taric.obj
d:\visual studio 2015\projects\rytak-evade\evade\evade\release\vector3.obj
d:\visual studio 2015\projects\rytak-evade\evade\evade\release\viktor.obj
d:\visual studio 2015\projects\rytak-evade\evade\evade\release\yasuo.obj
d:\visual studio 2015\projects\rytak-evade\evade\evade\release\yorick.obj
d:\visual studio 2015\projects\rytak-evade\evade\evade\release\zac.obj
d:\visual studio 2015\projects\rytak-evade\evade\evade\release\zed.obj
d:\visual studio 2015\projects\rytak-evade\evade\evade\release\zilean.obj
d:\visual studio 2015\projects\rytak-evade\evade\evade\release\vc140.pdb
d:\visual studio 2015\projects\rytak-evade\evade\release\evade.dll
d:\visual studio 2015\projects\rytak-evade\evade\evade\release\evade.tlog\cl.command.1.tlog
d:\visual studio 2015\projects\rytak-evade\evade\evade\release\evade.tlog\cl.read.1.tlog
d:\visual studio 2015\projects\rytak-evade\evade\evade\release\evade.tlog\cl.write.1.tlog
d:\visual studio 2015\projects\rytak-evade\evade\evade\release\evade.tlog\evade.write.1u.tlog
d:\visual studio 2015\projects\rytak-evade\evade\evade\release\evade.tlog\link.command.1.tlog
d:\visual studio 2015\projects\rytak-evade\evade\evade\release\evade.tlog\link.read.1.tlog
d:\visual studio 2015\projects\rytak-evade\evade\evade\release\evade.tlog\link.write.1.tlog
