d:\visual studio 2015\projects\evade\evade\release\vc140.pdb
d:\visual studio 2015\projects\evade\evade\release\malzahar.nativecodeanalysis.xml
d:\visual studio 2015\projects\evade\evade\release\lux.nativecodeanalysis.xml
d:\visual studio 2015\projects\evade\evade\release\lulu.nativecodeanalysis.xml
d:\visual studio 2015\projects\evade\evade\release\lucian.nativecodeanalysis.xml
d:\visual studio 2015\projects\evade\evade\release\karma.nativecodeanalysis.xml
d:\visual studio 2015\projects\evade\evade\release\jarvaniv.nativecodeanalysis.xml
d:\visual studio 2015\projects\evade\evade\release\galio.nativecodeanalysis.xml
d:\visual studio 2015\projects\evade\evade\release\fizz.nativecodeanalysis.xml
d:\visual studio 2015\projects\evade\evade\release\evadespelldb.nativecodeanalysis.xml
d:\visual studio 2015\projects\evade\evade\release\evadelogic.nativecodeanalysis.xml
d:\visual studio 2015\projects\evade\evade\release\evade.nativecodeanalysis.xml
d:\visual studio 2015\projects\evade\evade\release\ekko.nativecodeanalysis.xml
d:\visual studio 2015\projects\evade\evade\release\draven.nativecodeanalysis.xml
d:\visual studio 2015\projects\evade\evade\release\diana.nativecodeanalysis.xml
d:\visual studio 2015\projects\evade\evade\release\configs.nativecodeanalysis.xml
d:\visual studio 2015\projects\evade\evade\release\clipper.nativecodeanalysis.xml
d:\visual studio 2015\projects\evade\evade\release\bard.nativecodeanalysis.xml
d:\visual studio 2015\projects\evade\evade\release\azir.nativecodeanalysis.xml
d:\visual studio 2015\projects\evade\evade\release\allchampions.nativecodeanalysis.xml
d:\visual studio 2015\projects\evade\evade\release\aatrox.nativecodeanalysis.xml
d:\visual studio 2015\projects\evade\evade\release\aatrox.obj
d:\visual studio 2015\projects\evade\evade\release\allchampions.obj
d:\visual studio 2015\projects\evade\evade\release\azir.obj
d:\visual studio 2015\projects\evade\evade\release\bard.obj
d:\visual studio 2015\projects\evade\evade\release\clipper.obj
d:\visual studio 2015\projects\evade\evade\release\configs.obj
d:\visual studio 2015\projects\evade\evade\release\diana.obj
d:\visual studio 2015\projects\evade\evade\release\draven.obj
d:\visual studio 2015\projects\evade\evade\release\ekko.obj
d:\visual studio 2015\projects\evade\evade\release\evade.obj
d:\visual studio 2015\projects\evade\evade\release\evadelogic.obj
d:\visual studio 2015\projects\evade\evade\release\evadespelldb.obj
d:\visual studio 2015\projects\evade\evade\release\fizz.obj
d:\visual studio 2015\projects\evade\evade\release\galio.obj
d:\visual studio 2015\projects\evade\evade\release\jarvaniv.obj
d:\visual studio 2015\projects\evade\evade\release\karma.obj
d:\visual studio 2015\projects\evade\evade\release\lucian.obj
d:\visual studio 2015\projects\evade\evade\release\lulu.obj
d:\visual studio 2015\projects\evade\evade\release\lux.obj
d:\visual studio 2015\projects\evade\evade\release\malzahar.obj
d:\visual studio 2015\projects\evade\evade\release\zac.nativecodeanalysis.xml
d:\visual studio 2015\projects\evade\evade\release\yorick.nativecodeanalysis.xml
d:\visual studio 2015\projects\evade\evade\release\yasuo.nativecodeanalysis.xml
d:\visual studio 2015\projects\evade\evade\release\xayah.nativecodeanalysis.xml
d:\visual studio 2015\projects\evade\evade\release\viktor.nativecodeanalysis.xml
d:\visual studio 2015\projects\evade\evade\release\vector3.nativecodeanalysis.xml
d:\visual studio 2015\projects\evade\evade\release\taric.nativecodeanalysis.xml
d:\visual studio 2015\projects\evade\evade\release\syndra.nativecodeanalysis.xml
d:\visual studio 2015\projects\evade\evade\release\spellinstance.nativecodeanalysis.xml
d:\visual studio 2015\projects\evade\evade\release\spelldetector.nativecodeanalysis.xml
d:\visual studio 2015\projects\evade\evade\release\spelldb.nativecodeanalysis.xml
d:\visual studio 2015\projects\evade\evade\release\sion.nativecodeanalysis.xml
d:\visual studio 2015\projects\evade\evade\release\riven.nativecodeanalysis.xml
d:\visual studio 2015\projects\evade\evade\release\reksai.nativecodeanalysis.xml
d:\visual studio 2015\projects\evade\evade\release\poppy.nativecodeanalysis.xml
d:\visual studio 2015\projects\evade\evade\release\pluginsdk.nativecodeanalysis.xml
d:\visual studio 2015\projects\evade\evade\release\pathfinding.nativecodeanalysis.xml
d:\visual studio 2015\projects\evade\evade\release\orianna.nativecodeanalysis.xml
d:\visual studio 2015\projects\evade\evade\release\onload.nativecodeanalysis.xml
d:\visual studio 2015\projects\evade\evade\release\managers.nativecodeanalysis.xml
d:\visual studio 2015\projects\evade\evade\release\managers.obj
d:\visual studio 2015\projects\evade\evade\release\onload.obj
d:\visual studio 2015\projects\evade\evade\release\orianna.obj
d:\visual studio 2015\projects\evade\evade\release\pathfinding.obj
d:\visual studio 2015\projects\evade\evade\release\pluginsdk.obj
d:\visual studio 2015\projects\evade\evade\release\poppy.obj
d:\visual studio 2015\projects\evade\evade\release\reksai.obj
d:\visual studio 2015\projects\evade\evade\release\riven.obj
d:\visual studio 2015\projects\evade\evade\release\sion.obj
d:\visual studio 2015\projects\evade\evade\release\spelldb.obj
d:\visual studio 2015\projects\evade\evade\release\spelldetector.obj
d:\visual studio 2015\projects\evade\evade\release\spellinstance.obj
d:\visual studio 2015\projects\evade\evade\release\syndra.obj
d:\visual studio 2015\projects\evade\evade\release\taric.obj
d:\visual studio 2015\projects\evade\evade\release\vector3.obj
d:\visual studio 2015\projects\evade\evade\release\viktor.obj
d:\visual studio 2015\projects\evade\evade\release\xayah.obj
d:\visual studio 2015\projects\evade\evade\release\yasuo.obj
d:\visual studio 2015\projects\evade\evade\release\yorick.obj
d:\visual studio 2015\projects\evade\evade\release\zac.obj
d:\visual studio 2015\projects\evade\evade\release\zilean.nativecodeanalysis.xml
d:\visual studio 2015\projects\evade\evade\release\zed.nativecodeanalysis.xml
d:\visual studio 2015\projects\evade\evade\release\zed.obj
d:\visual studio 2015\projects\evade\evade\release\zilean.obj
d:\visual studio 2015\projects\evade\release\rytaks_evade.dll
d:\visual studio 2015\projects\evade\release\rytaks_evade.ipdb
d:\visual studio 2015\projects\evade\release\rytaks_evade.iobj
d:\visual studio 2015\projects\evade\release\rytaks_evade.lib
d:\visual studio 2015\projects\evade\release\rytaks_evade.exp
d:\visual studio 2015\projects\evade\evade\release\nativecodeanalysis.read.1.tlog
d:\visual studio 2015\projects\evade\evade\release\vc.nativecodeanalysis.all.xml
d:\visual studio 2015\projects\evade\release\rytaks_evade.dll.lastcodeanalysissucceeded
d:\visual studio 2015\projects\evade\evade\release\rytaks_evade.tlog\cl.command.1.tlog
d:\visual studio 2015\projects\evade\evade\release\rytaks_evade.tlog\cl.read.1.tlog
d:\visual studio 2015\projects\evade\evade\release\rytaks_evade.tlog\cl.write.1.tlog
d:\visual studio 2015\projects\evade\evade\release\rytaks_evade.tlog\link.command.1.tlog
d:\visual studio 2015\projects\evade\evade\release\rytaks_evade.tlog\link.read.1.tlog
d:\visual studio 2015\projects\evade\evade\release\rytaks_evade.tlog\link.write.1.tlog
d:\visual studio 2015\projects\evade\evade\release\rytaks_evade.tlog\rytaks_evade.write.1u.tlog
